\BOOKMARK [0][-]{chapter*.2}{\376\377\000L\036\335\000i\000\040\000n\000\363\000i\000\040\001\021\036\247\000u}{}% 1
\BOOKMARK [-1][-]{part.1}{\376\377\000I\000\040\000B\000a\000s\000i\000c\000\040\000t\000e\000c\000h\000n\000i\000q\000u\000e\000s}{}% 2
\BOOKMARK [0][-]{chapter.1}{\376\377\000G\000i\036\333\000i\000\040\000t\000h\000i\036\307\000u}{part.1}% 3
\BOOKMARK [1][-]{section.1.1}{\376\377\000N\000g\000\364\000n\000\040\000n\000g\036\357\000\040\000l\036\255\000p\000\040\000t\000r\000\354\000n\000h}{chapter.1}% 4
\BOOKMARK [1][-]{section.1.2}{\376\377\000N\000h\036\255\000p\000\040\000v\000\340\000\040\000x\000u\036\245\000t}{chapter.1}% 5
\BOOKMARK [1][-]{section.1.3}{\376\377\000L\000\340\000m\000\040\000v\000i\036\307\000c\000\040\000v\036\333\000i\000\040\000s\036\321}{chapter.1}% 6
\BOOKMARK [1][-]{section.1.4}{\376\377\000V\000i\036\277\000t\000\040\000c\000o\000d\000e\000\040\000n\000g\036\257\000n\000\040\000g\036\315\000n}{chapter.1}% 7
\BOOKMARK [1][-]{section.1.5}{\376\377\000T\000o\000\341\000n\000\040\000h\036\315\000c}{chapter.1}% 8
\BOOKMARK [1][-]{section.1.6}{\376\377\000C\000\341\000c\000\040\000c\000u\036\331\000c\000\040\000t\000h\000i\000\040\000v\000\340\000\040\000t\000\340\000i\000\040\000n\000g\000u\000y\000\352\000n}{chapter.1}% 9
\BOOKMARK [0][-]{chapter.2}{\376\377\001\020\036\331\000\040\000p\000h\036\351\000c\000\040\000t\036\241\000p\000\040\000t\000h\036\335\000i\000\040\000g\000i\000a\000n}{part.1}% 10
\BOOKMARK [1][-]{section.2.1}{\376\377\000Q\000u\000y\000\040\000t\036\257\000c\000\040\000t\000\355\000n\000h\000\040\000t\000o\000\341\000n}{chapter.2}% 11
\BOOKMARK [1][-]{section.2.2}{\376\377\000C\000\341\000c\000\040\000l\036\333\000p\000\040\001\021\036\331\000\040\000p\000h\036\351\000c\000\040\000t\036\241\000p}{chapter.2}% 12
\BOOKMARK [1][-]{section.2.3}{\376\377\001\257\036\333\000c\000\040\000t\000\355\000n\000h\000\040\000h\000i\036\307\000u\000\040\000q\000u\036\243}{chapter.2}% 13
\BOOKMARK [1][-]{section.2.4}{\376\377\000T\036\325\000n\000g\000\040\000c\000o\000n\000\040\000l\036\333\000n\000\040\000n\000h\036\245\000t}{chapter.2}% 14
\BOOKMARK [0][-]{chapter.3}{\376\377\000S\036\257\000p\000\040\000x\036\277\000p}{part.1}% 15
\BOOKMARK [1][-]{section.3.1}{\376\377\000L\000\375\000\040\000t\000h\000u\000y\036\277\000t\000\040\000s\036\257\000p\000\040\000x\036\277\000p}{chapter.3}% 16
\BOOKMARK [1][-]{section.3.2}{\376\377\000S\036\257\000p\000\040\000x\036\277\000p\000\040\000t\000r\000o\000n\000g\000\040\000C\000+\000+}{chapter.3}% 17
\BOOKMARK [1][-]{section.3.3}{\376\377\000T\000\354\000m\000\040\000k\000i\036\277\000m\000\040\000n\000h\036\313\000\040\000p\000h\000\342\000n}{chapter.3}% 18
\BOOKMARK [0][-]{chapter.4}{\376\377\000C\036\245\000u\000\040\000t\000r\000\372\000c\000\040\000d\036\357\000\040\000l\000i\036\307\000u}{part.1}% 19
\BOOKMARK [1][-]{section.4.1}{\376\377\000M\036\243\000n\000g\000\040\001\021\036\331\000n\000g}{chapter.4}% 20
\BOOKMARK [1][-]{section.4.2}{\376\377\000C\036\245\000u\000\040\000t\000r\000\372\000c\000\040\000t\036\255\000p\000\040\000h\036\343\000p}{chapter.4}% 21
\BOOKMARK [1][-]{section.4.3}{\376\377\000C\036\245\000u\000\040\000t\000r\000\372\000c\000\040\000m\000a\000p}{chapter.4}% 22
\BOOKMARK [1][-]{section.4.4}{\376\377\000I\000t\000e\000r\000a\000t\000o\000r\000\040\000v\000\340\000\040\000k\000h\000o\036\243\000n\000g}{chapter.4}% 23
\BOOKMARK [1][-]{section.4.5}{\376\377\000C\000\341\000c\000\040\000c\036\245\000u\000\040\000t\000r\000\372\000c\000\040\000k\000h\000\341\000c}{chapter.4}% 24
\BOOKMARK [1][-]{section.4.6}{\376\377\000S\000o\000\040\000s\000\341\000n\000h\000\040\000v\036\333\000i\000\040\000s\036\257\000p\000\040\000x\036\277\000p}{chapter.4}% 25
\BOOKMARK [0][-]{chapter.5}{\376\377\000T\000\354\000m\000\040\000k\000i\036\277\000m\000\040\000t\000o\000\340\000n\000\040\000d\000i\036\307\000n}{part.1}% 26
\BOOKMARK [1][-]{section.5.1}{\376\377\000T\036\241\000o\000\040\000t\036\255\000p\000\040\000c\000o\000n}{chapter.5}% 27
\BOOKMARK [1][-]{section.5.2}{\376\377\000T\036\241\000o\000\040\000h\000o\000\341\000n\000\040\000v\036\313}{chapter.5}% 28
\BOOKMARK [1][-]{section.5.3}{\376\377\000Q\000u\000a\000y\000\040\000l\000u\000i}{chapter.5}% 29
\BOOKMARK [1][-]{section.5.4}{\376\377\000C\036\257\000t\000\040\000t\036\311\000a\000\040\000t\000\354\000m\000\040\000k\000i\036\277\000m}{chapter.5}% 30
\BOOKMARK [1][-]{section.5.5}{\376\377\000G\036\267\000p\000\040\000n\000h\000a\000u\000\040\036\337\000\040\000g\000i\036\357\000a}{chapter.5}% 31
\BOOKMARK [0][-]{chapter.6}{\376\377\000T\000h\000u\036\255\000t\000\040\000t\000o\000\341\000n\000\040\000t\000h\000a\000m\000\040\000l\000a\000m}{part.1}% 32
\BOOKMARK [1][-]{section.6.1}{\376\377\000B\000\340\000i\000\040\000t\000o\000\341\000n\000\040\001\021\036\325\000i\000\040\000t\000i\036\301\000n}{chapter.6}% 33
\BOOKMARK [1][-]{section.6.2}{\376\377\000L\036\255\000p\000\040\000l\036\313\000c\000h}{chapter.6}% 34
\BOOKMARK [1][-]{section.6.3}{\376\377\000N\000h\000i\036\307\000m\000\040\000v\036\345\000\040\000v\000\340\000\040\000t\000h\036\335\000i\000\040\000h\036\241\000n}{chapter.6}% 35
\BOOKMARK [1][-]{section.6.4}{\376\377\000G\000i\036\243\000m\000\040\000t\000h\000i\036\303\000u\000\040\000t\036\325\000n\000g}{chapter.6}% 36
\BOOKMARK [1][-]{section.6.5}{\376\377\000N\000\351\000n\000\040\000d\036\357\000\040\000l\000i\036\307\000u}{chapter.6}% 37
\BOOKMARK [0][-]{chapter.7}{\376\377\000Q\000u\000y\000\040\000h\000o\036\241\000c\000h\000\040\001\021\036\331\000n\000g}{part.1}% 38
\BOOKMARK [1][-]{section.7.1}{\376\377\000B\000\340\000i\000\040\000t\000o\000\341\000n\000\040\001\021\036\323\000n\000g\000\040\000x\000u}{chapter.7}% 39
\BOOKMARK [1][-]{section.7.2}{\376\377\000D\000\343\000y\000\040\000c\000o\000n\000\040\000t\001\003\000n\000g\000\040\000d\000\340\000i\000\040\000n\000h\036\245\000t}{chapter.7}% 40
\BOOKMARK [1][-]{section.7.3}{\376\377\001\020\001\260\036\335\000n\000g\000\040\001\021\000i\000\040\000t\000r\000o\000n\000g\000\040\000l\001\260\036\333\000i}{chapter.7}% 41
\BOOKMARK [1][-]{section.7.4}{\376\377\000B\000\340\000i\000\040\000t\000o\000\341\000n\000\040\000c\000\341\000i\000\040\000t\000\372\000i}{chapter.7}% 42
\BOOKMARK [1][-]{section.7.5}{\376\377\000K\000h\000o\036\243\000n\000g\000\040\000c\000\341\000c\000h\000\040\000c\000h\036\311\000n\000h\000\040\000s\036\355\000a}{chapter.7}% 43
\BOOKMARK [1][-]{section.7.6}{\376\377\001\020\036\277\000m\000\040\000s\036\321\000\040\000c\000\341\000c\000h\000\040\000l\000\341\000t\000\040\000g\036\241\000c\000h}{chapter.7}% 44
\BOOKMARK [0][-]{chapter.8}{\376\377\000P\000h\000\342\000n\000\040\000t\000\355\000c\000h\000\040\000t\000r\036\353\000\040\000d\036\247\000n}{part.1}% 45
\BOOKMARK [1][-]{section.8.1}{\376\377\000P\000h\001\260\001\241\000n\000g\000\040\000p\000h\000\341\000p\000\040\000h\000a\000i\000\040\000c\000o\000n\000\040\000t\000r\036\317}{chapter.8}% 46
\BOOKMARK [1][-]{section.8.2}{\376\377\000P\000h\036\247\000n\000\040\000t\036\355\000\040\000n\000h\036\317\000\040\000h\001\241\000n\000\040\000g\036\247\000n\000\040\000n\000h\036\245\000t}{chapter.8}% 47
\BOOKMARK [1][-]{section.8.3}{\376\377\000G\000i\000\341\000\040\000t\000r\036\313\000\040\000n\000h\036\317\000\040\000n\000h\036\245\000t\000\040\000t\000r\000o\000n\000g\000\040\000c\036\355\000a\000\040\000s\036\325\000\040\000t\000r\001\260\036\343\000t}{chapter.8}% 48
\BOOKMARK [0][-]{chapter.9}{\376\377\000T\000r\000u\000y\000\040\000v\036\245\000n\000\040\001\021\000o\036\241\000n}{part.1}% 49
\BOOKMARK [1][-]{section.9.1}{\376\377\000T\000r\000u\000y\000\040\000v\036\245\000n\000\040\000t\000r\000\352\000n\000\040\000m\036\243\000n\000g\000\040\000t\001\051\000n\000h}{chapter.9}% 50
\BOOKMARK [1][-]{section.9.2}{\376\377\000C\000\342\000y\000\040\000c\000h\036\311\000\040\000s\036\321\000\040\000n\000h\036\313\000\040\000p\000h\000\342\000n\000\040\000\050\000B\000i\000n\000a\000r\000y\000\040\000i\000n\000d\000e\000x\000e\000d\000\040\000t\000r\000e\000e\000\051}{chapter.9}% 51
\BOOKMARK [1][-]{section.9.3}{\376\377\000C\000\342\000y\000\040\001\021\000o\036\241\000n\000\040\000\050\000S\000e\000g\000m\000e\000n\000t\000\040\000t\000r\000e\000e\000\051}{chapter.9}% 52
\BOOKMARK [1][-]{section.9.4}{\376\377\000C\000\341\000c\000\040\000k\036\371\000\040\000t\000h\000u\036\255\000t\000\040\000b\036\325\000\040\000s\000u\000n\000g}{chapter.9}% 53
\BOOKMARK [0][-]{chapter.10}{\376\377\000T\000h\000a\000o\000\040\000t\000\341\000c\000\040\000b\000i\000t}{part.1}% 54
\BOOKMARK [1][-]{section.10.1}{\376\377\000B\000i\036\303\000u\000\040\000d\000i\036\305\000n\000\040\000b\000i\000t}{chapter.10}% 55
\BOOKMARK [1][-]{section.10.2}{\376\377\000C\000\341\000c\000\040\000p\000h\000\351\000p\000\040\000t\000o\000\341\000n\000\040\000b\000i\000t}{chapter.10}% 56
\BOOKMARK [1][-]{section.10.3}{\376\377\000B\000i\036\303\000u\000\040\000d\000i\036\305\000n\000\040\000t\036\255\000p\000\040\000h\036\343\000p}{chapter.10}% 57
\BOOKMARK [1][-]{section.10.4}{\376\377\000T\036\321\000i\000\040\001\260\000u\000\040\000h\000\363\000a\000\040\000b\000i\000t}{chapter.10}% 58
\BOOKMARK [1][-]{section.10.5}{\376\377\000Q\000u\000y\000\040\000h\000o\036\241\000c\000h\000\040\001\021\036\331\000n\000g}{chapter.10}% 59
\BOOKMARK [-1][-]{part.2}{\376\377\000I\000I\000\040\000G\000r\000a\000p\000h\000\040\000a\000l\000g\000o\000r\000i\000t\000h\000m\000s}{}% 60
\BOOKMARK [0][-]{chapter.11}{\376\377\000N\000h\036\357\000n\000g\000\040\001\021\000i\036\301\000u\000\040\000c\001\241\000\040\000b\036\243\000n\000\040\000v\036\301\000\040\001\021\036\323\000\040\000t\000h\036\313}{part.2}% 61
\BOOKMARK [1][-]{section.11.1}{\376\377\000T\000h\000u\036\255\000t\000\040\000n\000g\036\357\000\040\001\021\036\323\000\040\000t\000h\036\313}{chapter.11}% 62
\BOOKMARK [1][-]{section.11.2}{\376\377\000B\000i\036\303\000u\000\040\000d\000i\036\305\000n\000\040\001\021\036\323\000\040\000t\000h\036\313}{chapter.11}% 63
\BOOKMARK [0][-]{chapter.12}{\376\377\000D\000u\000y\036\307\000t\000\040\001\021\036\323\000\040\000t\000h\036\313}{part.2}% 64
\BOOKMARK [1][-]{section.12.1}{\376\377\000T\000\354\000m\000\040\000k\000i\036\277\000m\000\040\000t\000h\000e\000o\000\040\000c\000h\000i\036\301\000u\000\040\000s\000\342\000u}{chapter.12}% 65
\BOOKMARK [1][-]{section.12.2}{\376\377\000T\000\354\000m\000\040\000k\000i\036\277\000m\000\040\000t\000h\000e\000o\000\040\000c\000h\000i\036\301\000u\000\040\000r\036\331\000n\000g}{chapter.12}% 66
\BOOKMARK [1][-]{section.12.3}{\376\377\036\350\000n\000g\000\040\000d\036\345\000n\000g}{chapter.12}% 67
\BOOKMARK [0][-]{chapter.13}{\376\377\001\020\001\260\036\335\000n\000g\000\040\001\021\000i\000\040\000n\000g\036\257\000n\000\040\000n\000h\036\245\000t}{part.2}% 68
\BOOKMARK [1][-]{section.13.1}{\376\377\000T\000h\000u\036\255\000t\000\040\000t\000o\000\341\000n\000\040\000B\000e\000l\000l\000m\000a\000n\040\023\000F\000o\000r\000d}{chapter.13}% 69
\BOOKMARK [1][-]{section.13.2}{\376\377\000T\000h\000u\036\255\000t\000\040\000t\000o\000\341\000n\000\040\000D\000i\000j\000k\000s\000t\000r\000a}{chapter.13}% 70
\BOOKMARK [1][-]{section.13.3}{\376\377\000T\000h\000u\036\255\000t\000\040\000t\000o\000\341\000n\000\040\000F\000l\000o\000y\000d\040\023\000W\000a\000r\000s\000h\000a\000l\000l}{chapter.13}% 71
\BOOKMARK [0][-]{chapter.14}{\376\377\000C\000\341\000c\000\040\000t\000h\000u\036\255\000t\000\040\000t\000o\000\341\000n\000\040\000t\000r\000\352\000n\000\040\000c\000\342\000y}{part.2}% 72
\BOOKMARK [1][-]{section.14.1}{\376\377\000D\000u\000y\036\307\000t\000\040\000c\000\342\000y}{chapter.14}% 73
\BOOKMARK [1][-]{section.14.2}{\376\377\001\020\001\260\036\335\000n\000g\000\040\000k\000\355\000n\000h}{chapter.14}% 74
\BOOKMARK [1][-]{section.14.3}{\376\377\000T\036\245\000t\000\040\000c\036\243\000\040\000c\000\341\000c\000\040\001\021\001\260\036\335\000n\000g\000\040\001\021\000i\000\040\000d\000\340\000i\000\040\000n\000h\036\245\000t}{chapter.14}% 75
\BOOKMARK [1][-]{section.14.4}{\376\377\000C\000\342\000y\000\040\000n\000h\036\313\000\040\000p\000h\000\342\000n}{chapter.14}% 76
\BOOKMARK [0][-]{chapter.15}{\376\377\000C\000\342\000y\000\040\000k\000h\000u\000n\000g}{part.2}% 77
\BOOKMARK [1][-]{section.15.1}{\376\377\000T\000h\000u\036\255\000t\000\040\000t\000o\000\341\000n\000\040\000K\000r\000u\000s\000k\000a\000l}{chapter.15}% 78
\BOOKMARK [1][-]{section.15.2}{\376\377\000C\036\245\000u\000\040\000t\000r\000\372\000c\000\040\000U\000n\000i\000o\000n\000-\000f\000i\000n\000d}{chapter.15}% 79
\BOOKMARK [1][-]{section.15.3}{\376\377\000T\000h\000u\036\255\000t\000\040\000t\000o\000\341\000n\000\040\000P\000r\000i\000m}{chapter.15}% 80
\BOOKMARK [0][-]{chapter.16}{\376\377\001\020\036\323\000\040\000t\000h\036\313\000\040\000c\000\363\000\040\000h\001\260\036\333\000n\000g}{part.2}% 81
\BOOKMARK [1][-]{section.16.1}{\376\377\000S\036\257\000p\000\040\000x\036\277\000p\000\040\000t\000\364\000\040\000p\000\364\000\040\000\050\000T\000o\000p\000o\000l\000o\000g\000i\000c\000a\000l\000\040\000s\000o\000r\000t\000i\000n\000g\000\051}{chapter.16}% 82
\BOOKMARK [1][-]{section.16.2}{\376\377\000Q\000u\000y\000\040\000h\000o\036\241\000c\000h\000\040\001\021\036\331\000n\000g\000\040\000\050\000D\000y\000n\000a\000m\000i\000c\000\040\000p\000r\000o\000g\000r\000a\000m\000m\000i\000n\000g\000\051}{chapter.16}% 83
\BOOKMARK [1][-]{section.16.3}{\376\377\001\020\001\260\036\335\000n\000g\000\040\001\021\000i\000\040\000k\036\277\000\040\000t\000i\036\277\000p}{chapter.16}% 84
\BOOKMARK [1][-]{section.16.4}{\376\377\000D\000\362\000\040\000t\000\354\000m\000\040\000c\000h\000u\000\040\000t\000r\000\354\000n\000h\000\040\000\050\000C\000y\000c\000l\000e\000\040\000d\000e\000t\000e\000c\000t\000i\000o\000n\000\051}{chapter.16}% 85
\BOOKMARK [0][-]{chapter.17}{\376\377\000L\000i\000\352\000n\000\040\000t\000h\000\364\000n\000g\000\040\000m\036\241\000n\000h\000\040\000\050\000S\000t\000r\000o\000n\000g\000\040\000c\000o\000n\000n\000e\000c\000t\000i\000v\000i\000t\000y\000\051}{part.2}% 86
\BOOKMARK [1][-]{section.17.1}{\376\377\000T\000h\000u\036\255\000t\000\040\000t\000o\000\341\000n\000\040\000K\000o\000s\000a\000r\000a\000j\000u}{chapter.17}% 87
\BOOKMARK [1][-]{section.17.2}{\376\377\000B\000\340\000i\000\040\000t\000o\000\341\000n\000\040\0002\000S\000A\000T}{chapter.17}% 88
\BOOKMARK [0][-]{chapter.18}{\376\377\000T\000r\000u\000y\000\040\000v\036\245\000n\000\040\000t\000r\000\352\000n\000\040\000c\000\342\000y}{part.2}% 89
\BOOKMARK [1][-]{section.18.1}{\376\377\000T\000\354\000m\000\040\000t\036\325\000\040\000t\000i\000\352\000n}{chapter.18}% 90
\BOOKMARK [1][-]{section.18.2}{\376\377\000C\000\342\000y\000\040\000c\000o\000n\000\040\000v\000\340\000\040\001\021\001\260\036\335\000n\000g\000\040\001\021\000i}{chapter.18}% 91
\BOOKMARK [1][-]{section.18.3}{\376\377\000T\036\325\000\040\000t\000i\000\352\000n\000\040\000c\000h\000u\000n\000g\000\040\000t\000h\036\245\000p\000\040\000n\000h\036\245\000t}{chapter.18}% 92
\BOOKMARK [1][-]{section.18.4}{\376\377\000T\000h\000u\036\255\000t\000\040\000t\000o\000\341\000n\000\040\000n\000g\000o\036\241\000i\000\040\000t\000u\000y\036\277\000n}{chapter.18}% 93
\BOOKMARK [0][-]{chapter.19}{\376\377\001\020\001\260\036\335\000n\000g\000\040\001\021\000i\000\040\000v\000\340\000\040\000c\000h\000u\000\040\000t\000r\000\354\000n\000h}{part.2}% 94
\BOOKMARK [1][-]{section.19.1}{\376\377\001\020\001\260\036\335\000n\000g\000\040\001\021\000i\000\040\000E\000u\000l\000e\000r}{chapter.19}% 95
\BOOKMARK [1][-]{section.19.2}{\376\377\001\020\001\260\036\335\000n\000g\000\040\001\021\000i\000\040\000H\000a\000m\000i\000l\000t\000o\000n}{chapter.19}% 96
\BOOKMARK [1][-]{section.19.3}{\376\377\000C\000h\000u\036\327\000i\000\040\000D\000e\000\040\000B\000r\000u\000i\000j\000n}{chapter.19}% 97
\BOOKMARK [1][-]{section.19.4}{\376\377\000H\000\340\000n\000h\000\040\000t\000r\000\354\000n\000h\000\040\000c\036\347\000a\000\040\000q\000u\000\342\000n\000\040\000m\000\343}{chapter.19}% 98
\BOOKMARK [0][-]{chapter.20}{\376\377\000L\000u\036\323\000n\000g\000\040\000v\000\340\000\040\000l\000\341\000t\000\040\000c\036\257\000t\000\040\000\050\000F\000l\000o\000w\000s\000\040\000a\000n\000d\000\040\000c\000u\000t\000s\000\051}{part.2}% 99
\BOOKMARK [1][-]{section.20.1}{\376\377\000T\000h\000u\036\255\000t\000\040\000t\000o\000\341\000n\000\040\000F\000o\000r\000d\040\023\000F\000u\000l\000k\000e\000r\000s\000o\000n}{chapter.20}% 100
\BOOKMARK [1][-]{section.20.2}{\376\377\001\020\001\260\036\335\000n\000g\000\040\001\021\000i\000\040\000k\000h\000\364\000n\000g\000\040\000g\000i\000a\000o\000\040\000n\000h\000a\000u\000\040\000\050\000D\000i\000s\000j\000o\000i\000n\000t\000\040\000p\000a\000t\000h\000s\000\051}{chapter.20}% 101
\BOOKMARK [1][-]{section.20.3}{\376\377\000M\000a\000x\000i\000m\000u\000m\000\040\000m\000a\000t\000c\000h\000i\000n\000g\000s}{chapter.20}% 102
\BOOKMARK [1][-]{section.20.4}{\376\377\000P\000a\000t\000h\000\040\000c\000o\000v\000e\000r\000s}{chapter.20}% 103
\BOOKMARK [-1][-]{part.3}{\376\377\000I\000I\000I\000\040\000A\000d\000v\000a\000n\000c\000e\000d\000\040\000t\000o\000p\000i\000c\000s}{}% 104
\BOOKMARK [0][-]{chapter.21}{\376\377\000L\000\375\000\040\000t\000h\000u\000y\036\277\000t\000\040\000s\036\321}{part.3}% 105
\BOOKMARK [1][-]{section.21.1}{\376\377\000S\036\321\000\040\000n\000g\000u\000y\000\352\000n\000\040\000t\036\321\000\040\000v\000\340\000\040\001\260\036\333\000c\000\040\000s\036\321}{chapter.21}% 106
\BOOKMARK [1][-]{section.21.2}{\376\377\000S\036\321\000\040\000h\036\315\000c\000\040\000m\000\364\000-\001\021\000u\000n}{chapter.21}% 107
\BOOKMARK [1][-]{section.21.3}{\376\377\000G\000i\036\243\000i\000\040\000p\000h\001\260\001\241\000n\000g\000\040\000t\000r\000\354\000n\000h}{chapter.21}% 108
\BOOKMARK [1][-]{section.21.4}{\376\377\000C\000\341\000c\000\040\000k\036\277\000t\000\040\000q\000u\036\243\000\040\000k\000h\000\341\000c}{chapter.21}% 109
\BOOKMARK [0][-]{chapter.22}{\376\377\000T\036\325\000\040\000h\036\343\000p}{part.3}% 110
\BOOKMARK [1][-]{section.22.1}{\376\377\000T\036\325\000\040\000h\036\343\000p\000\040\000c\000h\036\255\000p\000\040\000\050\000B\000i\000n\000o\000m\000i\000a\000l\000\040\000c\000o\000e\000f\000f\000i\000c\000i\000e\000n\000t\000s\000\051}{chapter.22}% 111
\BOOKMARK [1][-]{section.22.2}{\376\377\000S\036\321\000\040\000C\000a\000t\000a\000l\000a\000n}{chapter.22}% 112
\BOOKMARK [1][-]{section.22.3}{\376\377\000B\000a\000o\000\040\000h\000\340\000m\000\040\000-\000\040\000l\000o\036\241\000i\000\040\000t\000r\036\353}{chapter.22}% 113
\BOOKMARK [1][-]{section.22.4}{\376\377\000B\036\325\000\040\001\021\036\301\000\040\000B\000u\000r\000n\000s\000i\000d\000e}{chapter.22}% 114
\BOOKMARK [1][-]{section.22.5}{\376\377\000C\000\364\000n\000g\000\040\000t\000h\036\351\000c\000\040\000C\000a\000y\000l\000e\000y}{chapter.22}% 115
\BOOKMARK [0][-]{chapter.23}{\376\377\000M\000a\000\040\000t\000r\036\255\000n}{part.3}% 116
\BOOKMARK [1][-]{section.23.1}{\376\377\000C\000\341\000c\000\040\000p\000h\000\351\000p\000\040\000t\000o\000\341\000n}{chapter.23}% 117
\BOOKMARK [1][-]{section.23.2}{\376\377\000H\036\307\000\040\000t\000h\036\351\000c\000\040\000t\000r\000u\000y\000\040\000h\036\323\000i\000\040\000t\000u\000y\036\277\000n\000\040\000t\000\355\000n\000h}{chapter.23}% 118
\BOOKMARK [1][-]{section.23.3}{\376\377\001\020\036\323\000\040\000t\000h\036\313\000\040\000v\000\340\000\040\000m\000a\000\040\000t\000r\036\255\000n}{chapter.23}% 119
\BOOKMARK [0][-]{chapter.24}{\376\377\000X\000\341\000c\000\040\000s\000u\036\245\000t\000\040\000\050\000P\000r\000o\000b\000a\000b\000i\000l\000i\000t\000y\000\051}{part.3}% 120
\BOOKMARK [1][-]{section.24.1}{\376\377\000T\000\355\000n\000h\000\040\000t\000o\000\341\000n}{chapter.24}% 121
\BOOKMARK [1][-]{section.24.2}{\376\377\000B\000i\036\277\000n\000\040\000c\036\321\000\040\000\050\000E\000v\000e\000n\000t\000s\000\051}{chapter.24}% 122
\BOOKMARK [1][-]{section.24.3}{\376\377\000B\000i\036\277\000n\000\040\000n\000g\036\253\000u\000\040\000n\000h\000i\000\352\000n\000\040\000\050\000R\000a\000n\000d\000o\000m\000\040\000v\000a\000r\000i\000a\000b\000l\000e\000s\000\051}{chapter.24}% 123
\BOOKMARK [1][-]{section.24.4}{\376\377\000C\000h\000u\036\327\000i\000\040\000M\000a\000r\000k\000o\000v\000\040\000\050\000M\000a\000r\000k\000o\000v\000\040\000c\000h\000a\000i\000n\000s\000\051}{chapter.24}% 124
\BOOKMARK [1][-]{section.24.5}{\376\377\000T\000h\000u\036\255\000t\000\040\000t\000o\000\341\000n\000\040\000n\000g\036\253\000u\000\040\000n\000h\000i\000\352\000n\000\040\000\050\000R\000a\000n\000d\000o\000m\000i\000z\000e\000d\000\040\000a\000l\000g\000o\000r\000i\000t\000h\000m\000s\000\051}{chapter.24}% 125
\BOOKMARK [0][-]{chapter.25}{\376\377\000L\000\375\000\040\000t\000h\000u\000y\036\277\000t\000\040\000t\000r\000\362\000\040\000c\000h\001\241\000i\000\040\000\050\000G\000a\000m\000e\000\040\000t\000h\000e\000o\000r\000y\000\051}{part.3}% 126
\BOOKMARK [1][-]{section.25.1}{\376\377\000T\000r\036\241\000n\000g\000\040\000t\000h\000\341\000i\000\040\000t\000r\000\362\000\040\000c\000h\001\241\000i\000\040\000\050\000G\000a\000m\000e\000\040\000s\000t\000a\000t\000e\000s\000\051}{chapter.25}% 127
\BOOKMARK [1][-]{section.25.2}{\376\377\000T\000r\000\362\000\040\000c\000h\001\241\000i\000\040\000N\000i\000m\000\040\000\050\000N\000i\000m\000\040\000g\000a\000m\000e\000\051}{chapter.25}% 128
\BOOKMARK [1][-]{section.25.3}{\376\377\001\020\036\313\000n\000h\000\040\000l\000\375\000\040\000S\000p\000r\000a\000g\000u\000e\040\023\000G\000r\000u\000n\000d\000y\000\040\000\050\000S\000p\000r\000a\000g\000u\000e\040\023\000G\000r\000u\000n\000d\000y\000\040\000t\000h\000e\000o\000r\000e\000m\000\051}{chapter.25}% 129
\BOOKMARK [0][-]{chapter.26}{\376\377\000C\000\341\000c\000\040\000t\000h\000u\036\255\000t\000\040\000t\000o\000\341\000n\000\040\000c\000h\000u\036\327\000i}{part.3}% 130
\BOOKMARK [1][-]{section.26.1}{\376\377\000T\000h\000u\036\255\000t\000\040\000n\000g\036\357\000\040\000c\000h\000u\036\327\000i}{chapter.26}% 131
\BOOKMARK [1][-]{section.26.2}{\376\377\000C\036\245\000u\000\040\000t\000r\000\372\000c\000\040\000T\000r\000i\000e}{chapter.26}% 132
\BOOKMARK [1][-]{section.26.3}{\376\377\000B\001\003\000m\000\040\000c\000h\000u\036\327\000i\000\040\000\050\000S\000t\000r\000i\000n\000g\000\040\000h\000a\000s\000h\000i\000n\000g\000\051}{chapter.26}% 133
\BOOKMARK [1][-]{section.26.4}{\376\377\000T\000h\000u\036\255\000t\000\040\000t\000o\000\341\000n\000\040\000Z\000\040\000\050\000Z\000-\000a\000l\000g\000o\000r\000i\000t\000h\000m\000\051}{chapter.26}% 134
\BOOKMARK [0][-]{chapter.27}{\376\377\000T\000h\000u\036\255\000t\000\040\000t\000o\000\341\000n\000\040\000c\001\003\000n\000\040\000b\036\255\000c\000\040\000h\000a\000i}{part.3}% 135
\BOOKMARK [1][-]{section.27.1}{\376\377\000K\036\277\000t\000\040\000h\036\343\000p\000\040\000c\000\341\000c\000\040\000t\000h\000u\036\255\000t\000\040\000t\000o\000\341\000n}{chapter.27}% 136
\BOOKMARK [1][-]{section.27.2}{\376\377\000P\000h\000\342\000n\000\040\000h\000o\036\241\000c\000h\000\040\000s\036\321\000\040\000n\000g\000u\000y\000\352\000n}{chapter.27}% 137
\BOOKMARK [1][-]{section.27.3}{\376\377\000T\000h\000u\036\255\000t\000\040\000t\000o\000\341\000n\000\040\000c\036\347\000a\000\040\000M\000o\000\040\000\050\000M\000o\000'\000s\000\040\000a\000l\000g\000o\000r\000i\000t\000h\000m\000\051}{chapter.27}% 138
\BOOKMARK [0][-]{chapter.28}{\376\377\000C\000\342\000y\000\040\000p\000h\000\342\000n\000\040\001\021\000o\036\241\000n\000\040\000n\000\342\000n\000g\000\040\000c\000a\000o}{part.3}% 139
\BOOKMARK [1][-]{section.28.1}{\376\377\000T\000r\000u\000y\036\301\000n\000\040\000l\001\260\036\335\000i\000\040\000\050\000L\000a\000z\000y\000\040\000p\000r\000o\000p\000a\000g\000a\000t\000i\000o\000n\000\051}{chapter.28}% 140
\BOOKMARK [1][-]{section.28.2}{\376\377\000C\000\342\000y\000\040\001\021\036\331\000n\000g}{chapter.28}% 141
\BOOKMARK [1][-]{section.28.3}{\376\377\000C\036\245\000u\000\040\000t\000r\000\372\000c\000\040\000d\036\357\000\040\000l\000i\036\307\000u}{chapter.28}% 142
\BOOKMARK [1][-]{section.28.4}{\376\377\000H\000a\000i\000\040\000c\000h\000i\036\301\000u}{chapter.28}% 143
\BOOKMARK [0][-]{chapter.29}{\376\377\000H\000\354\000n\000h\000\040\000h\036\315\000c}{part.3}% 144
\BOOKMARK [1][-]{section.29.1}{\376\377\000S\036\321\000\040\000p\000h\036\351\000c}{chapter.29}% 145
\BOOKMARK [1][-]{section.29.2}{\376\377\001\020\000i\036\303\000m\000\040\000v\000\340\000\040\001\021\001\260\036\335\000n\000g\000\040\000t\000h\036\263\000n\000g}{chapter.29}% 146
\BOOKMARK [1][-]{section.29.3}{\376\377\000D\000i\036\307\000n\000\040\000t\000\355\000c\000h\000\040\001\021\000a\000\040\000g\000i\000\341\000c}{chapter.29}% 147
\BOOKMARK [1][-]{section.29.4}{\376\377\000H\000\340\000m\000\040\000k\000h\000o\036\243\000n\000g\000\040\000c\000\341\000c\000h}{chapter.29}% 148
\BOOKMARK [0][-]{chapter.30}{\376\377\000T\000h\000u\036\255\000t\000\040\000t\000o\000\341\000n\000\040\001\021\001\260\036\335\000n\000g\000\040\000q\000u\000\351\000t}{part.3}% 149
\BOOKMARK [1][-]{section.30.1}{\376\377\000G\000i\000a\000o\000\040\001\021\000i\036\303\000m}{chapter.30}% 150
\BOOKMARK [1][-]{section.30.2}{\376\377\000B\000\340\000i\000\040\000t\000o\000\341\000n\000\040\000c\036\267\000p\000\040\001\021\000i\036\303\000m\000\040\000g\036\247\000n\000\040\000n\000h\036\245\000t}{chapter.30}% 151
\BOOKMARK [1][-]{section.30.3}{\376\377\000B\000\340\000i\000\040\000t\000o\000\341\000n\000\040\000b\000a\000o\000\040\000l\036\323\000i}{chapter.30}% 152
\BOOKMARK [0][-]{section*.3}{\376\377\000T\000\340\000i\000\040\000l\000i\036\307\000u\000\040\000t\000h\000a\000m\000\040\000k\000h\036\243\000o}{part.3}% 153
